SE114.N21-QLCHDM-master/app/build/intermediates/manifest_merge_blame_file/debug/manifest-merger-blame-debug-report.txt
1<?xml version="1.0" encoding="utf-8"?>
2<manifest xmlns:android="http://schemas.android.com/apk/res/android"
3    package="com.example.se114n21"
4    android:versionCode="1"
5    android:versionName="1.0" >
6
7    <uses-sdk
8        android:minSdkVersion="24"
8-->src/main/AndroidManifest.xml
9        android:targetSdkVersion="33" />
9-->src/main/AndroidManifest.xml
10
11    <uses-permission android:name="android.permission.READ_EXTERNAL_STORAGE" />
11-->src/main/AndroidManifest.xml:5:5-80
11-->src/main/AndroidManifest.xml:5:22-77
12
13    <!-- Although the *SdkVersion is captured in gradle build files, this is required for non gradle builds -->
14    <!-- <uses-sdk android:minSdkVersion="14"/> -->
15    <uses-permission android:name="android.permission.ACCESS_NETWORK_STATE" />
15-->[com.google.firebase:firebase-storage:20.1.0] AndroidManifest.xml:25:5-79
15-->[com.google.firebase:firebase-storage:20.1.0] AndroidManifest.xml:25:22-76
16    <uses-permission android:name="android.permission.INTERNET" />
16-->[com.google.firebase:firebase-storage:20.1.0] AndroidManifest.xml:26:5-67
16-->[com.google.firebase:firebase-storage:20.1.0] AndroidManifest.xml:26:22-64
17    <uses-permission android:name="android.permission.WAKE_LOCK" />
17-->[com.google.android.gms:play-services-measurement-api:21.2.2] AndroidManifest.xml:24:5-68
17-->[com.google.android.gms:play-services-measurement-api:21.2.2] AndroidManifest.xml:24:22-65
18    <uses-permission android:name="com.google.android.gms.permission.AD_ID" />
18-->[com.google.android.gms:play-services-measurement-api:21.2.2] AndroidManifest.xml:25:5-79
18-->[com.google.android.gms:play-services-measurement-api:21.2.2] AndroidManifest.xml:25:22-76
19    <uses-permission android:name="com.google.android.finsky.permission.BIND_GET_INSTALL_REFERRER_SERVICE" />
19-->[com.google.android.gms:play-services-measurement:21.2.2] AndroidManifest.xml:26:5-110
19-->[com.google.android.gms:play-services-measurement:21.2.2] AndroidManifest.xml:26:22-107
20
21    <permission
21-->[androidx.core:core:1.9.0] AndroidManifest.xml:22:5-24:47
22        android:name="com.example.se114n21.DYNAMIC_RECEIVER_NOT_EXPORTED_PERMISSION"
22-->[androidx.core:core:1.9.0] AndroidManifest.xml:23:9-81
23        android:protectionLevel="signature" />
23-->[androidx.core:core:1.9.0] AndroidManifest.xml:24:9-44
24
25    <uses-permission android:name="com.example.se114n21.DYNAMIC_RECEIVER_NOT_EXPORTED_PERMISSION" />
25-->[androidx.core:core:1.9.0] AndroidManifest.xml:26:5-97
25-->[androidx.core:core:1.9.0] AndroidManifest.xml:26:22-94
26
27    <application
27-->src/main/AndroidManifest.xml:7:5-81:19
28        android:allowBackup="true"
28-->src/main/AndroidManifest.xml:8:9-35
29        android:appComponentFactory="androidx.core.app.CoreComponentFactory"
29-->[androidx.core:core:1.9.0] AndroidManifest.xml:28:18-86
30        android:dataExtractionRules="@xml/data_extraction_rules"
30-->src/main/AndroidManifest.xml:9:9-65
31        android:debuggable="true"
32        android:extractNativeLibs="false"
33        android:fullBackupContent="@xml/backup_rules"
33-->src/main/AndroidManifest.xml:10:9-54
34        android:icon="@mipmap/ic_launcher"
34-->src/main/AndroidManifest.xml:11:9-43
35        android:label="@string/app_name"
35-->src/main/AndroidManifest.xml:12:9-41
36        android:supportsRtl="true"
36-->src/main/AndroidManifest.xml:13:9-35
37        android:testOnly="true"
38        android:theme="@style/Theme.SE114N21" >
38-->src/main/AndroidManifest.xml:14:9-46
39        <activity
39-->src/main/AndroidManifest.xml:16:9-18:40
40            android:name="com.example.se114n21.ViewModels.NVMain"
40-->src/main/AndroidManifest.xml:17:13-46
41            android:exported="false" />
41-->src/main/AndroidManifest.xml:18:13-37
42        <activity
42-->src/main/AndroidManifest.xml:19:9-21:40
43            android:name="com.example.se114n21.ViewModels.AdminMain"
43-->src/main/AndroidManifest.xml:20:13-49
44            android:exported="false" />
44-->src/main/AndroidManifest.xml:21:13-37
45        <activity
45-->src/main/AndroidManifest.xml:22:9-24:40
46            android:name="com.example.se114n21.ViewModels.QLHoaDon"
46-->src/main/AndroidManifest.xml:23:13-48
47            android:exported="false" />
47-->src/main/AndroidManifest.xml:24:13-37
48        <activity
48-->src/main/AndroidManifest.xml:25:9-27:40
49            android:name="com.example.se114n21.ViewModels.QLSanPham"
49-->src/main/AndroidManifest.xml:26:13-49
50            android:exported="false" />
50-->src/main/AndroidManifest.xml:27:13-37
51        <activity
51-->src/main/AndroidManifest.xml:28:9-36:20
52            android:name="com.example.se114n21.ViewModels.QLNhanVien"
52-->src/main/AndroidManifest.xml:29:13-50
53            android:exported="true" >
53-->src/main/AndroidManifest.xml:30:13-36
54            <intent-filter>
54-->src/main/AndroidManifest.xml:31:13-35:29
55                <action android:name="android.intent.action.MAIN" />
55-->src/main/AndroidManifest.xml:32:17-69
55-->src/main/AndroidManifest.xml:32:25-66
56
57                <category android:name="android.intent.category.LAUNCHER" />
57-->src/main/AndroidManifest.xml:34:17-77
57-->src/main/AndroidManifest.xml:34:27-74
58            </intent-filter>
59        </activity>
60        <activity
60-->src/main/AndroidManifest.xml:37:9-39:40
61            android:name="com.example.se114n21.ViewModels.QLKhachHang"
61-->src/main/AndroidManifest.xml:38:13-51
62            android:exported="false" />
62-->src/main/AndroidManifest.xml:39:13-37
63        <activity
63-->src/main/AndroidManifest.xml:40:9-42:40
64            android:name="com.example.se114n21.ViewModels.SignUpSucess"
64-->src/main/AndroidManifest.xml:41:13-52
65            android:exported="false" />
65-->src/main/AndroidManifest.xml:42:13-37
66        <activity
66-->src/main/AndroidManifest.xml:43:9-45:40
67            android:name="com.example.se114n21.ViewModels.Login"
67-->src/main/AndroidManifest.xml:44:13-45
68            android:exported="false" />
68-->src/main/AndroidManifest.xml:45:13-37
69        <activity
69-->src/main/AndroidManifest.xml:46:9-48:40
70            android:name="com.example.se114n21.ViewModels.ChangeEmail"
70-->src/main/AndroidManifest.xml:47:13-51
71            android:exported="false" />
71-->src/main/AndroidManifest.xml:48:13-37
72        <activity
72-->src/main/AndroidManifest.xml:49:9-51:40
73            android:name="com.example.se114n21.ViewModels.SendEmailSucess"
73-->src/main/AndroidManifest.xml:50:13-55
74            android:exported="false" />
74-->src/main/AndroidManifest.xml:51:13-37
75        <activity
75-->src/main/AndroidManifest.xml:52:9-54:40
76            android:name="com.example.se114n21.ViewModels.ChangePassword"
76-->src/main/AndroidManifest.xml:53:13-54
77            android:exported="false" />
77-->src/main/AndroidManifest.xml:54:13-37
78        <activity
78-->src/main/AndroidManifest.xml:55:9-57:40
79            android:name="com.example.se114n21.ViewModels.NVProfile"
79-->src/main/AndroidManifest.xml:56:13-49
80            android:exported="false" />
80-->src/main/AndroidManifest.xml:57:13-37
81        <activity
81-->src/main/AndroidManifest.xml:58:9-60:40
82            android:name="com.example.se114n21.ViewModels.Account"
82-->src/main/AndroidManifest.xml:59:13-47
83            android:exported="false" />
83-->src/main/AndroidManifest.xml:60:13-37
84        <activity
84-->src/main/AndroidManifest.xml:61:9-63:40
85            android:name="com.example.se114n21.ViewModels.ConfirmNewPassword"
85-->src/main/AndroidManifest.xml:62:13-58
86            android:exported="false" />
86-->src/main/AndroidManifest.xml:63:13-37
87        <activity
87-->src/main/AndroidManifest.xml:64:9-66:40
88            android:name="com.example.se114n21.ViewModels.ForgotPassword"
88-->src/main/AndroidManifest.xml:65:13-54
89            android:exported="false" />
89-->src/main/AndroidManifest.xml:66:13-37
90        <activity
90-->src/main/AndroidManifest.xml:67:9-69:40
91            android:name="com.example.se114n21.ViewModels.AdminProfile"
91-->src/main/AndroidManifest.xml:68:13-52
92            android:exported="false" />
92-->src/main/AndroidManifest.xml:69:13-37
93        <activity
93-->src/main/AndroidManifest.xml:70:9-72:40
94            android:name="com.example.se114n21.ViewModels.MainActivity"
94-->src/main/AndroidManifest.xml:71:13-52
95            android:exported="false" />
95-->src/main/AndroidManifest.xml:72:13-37
96        <activity
96-->src/main/AndroidManifest.xml:73:9-77:20
97            android:name="com.example.se114n21.ViewModels.SignUp"
97-->src/main/AndroidManifest.xml:74:13-46
98            android:exported="true" >
98-->src/main/AndroidManifest.xml:75:13-36
99        </activity>
100        <activity
100-->src/main/AndroidManifest.xml:78:9-80:40
101            android:name="com.example.se114n21.ViewModels.AddProductActivity"
101-->src/main/AndroidManifest.xml:79:13-58
102            android:exported="false" />
102-->src/main/AndroidManifest.xml:80:13-37
103
104        <service
104-->[com.google.firebase:firebase-storage:20.1.0] AndroidManifest.xml:29:9-35:19
105            android:name="com.google.firebase.components.ComponentDiscoveryService"
105-->[com.google.firebase:firebase-storage:20.1.0] AndroidManifest.xml:30:13-84
106            android:directBootAware="true"
106-->[com.google.firebase:firebase-common:20.3.2] AndroidManifest.xml:34:13-43
107            android:exported="false" >
107-->[com.google.firebase:firebase-storage:20.1.0] AndroidManifest.xml:31:13-37
108            <meta-data
108-->[com.google.firebase:firebase-storage:20.1.0] AndroidManifest.xml:32:13-34:85
109                android:name="com.google.firebase.components:com.google.firebase.storage.StorageRegistrar"
109-->[com.google.firebase:firebase-storage:20.1.0] AndroidManifest.xml:33:17-107
110                android:value="com.google.firebase.components.ComponentRegistrar" />
110-->[com.google.firebase:firebase-storage:20.1.0] AndroidManifest.xml:34:17-82
111            <meta-data
111-->[com.google.firebase:firebase-auth:21.3.0] AndroidManifest.xml:69:13-71:85
112                android:name="com.google.firebase.components:com.google.firebase.auth.FirebaseAuthRegistrar"
112-->[com.google.firebase:firebase-auth:21.3.0] AndroidManifest.xml:70:17-109
113                android:value="com.google.firebase.components.ComponentRegistrar" />
113-->[com.google.firebase:firebase-auth:21.3.0] AndroidManifest.xml:71:17-82
114            <meta-data
114-->[com.google.firebase:firebase-database:20.2.0] AndroidManifest.xml:31:13-33:85
115                android:name="com.google.firebase.components:com.google.firebase.database.DatabaseRegistrar"
115-->[com.google.firebase:firebase-database:20.2.0] AndroidManifest.xml:32:17-109
116                android:value="com.google.firebase.components.ComponentRegistrar" />
116-->[com.google.firebase:firebase-database:20.2.0] AndroidManifest.xml:33:17-82
117            <meta-data
117-->[com.google.android.gms:play-services-measurement-api:21.2.2] AndroidManifest.xml:31:13-33:85
118                android:name="com.google.firebase.components:com.google.firebase.analytics.connector.internal.AnalyticsConnectorRegistrar"
118-->[com.google.android.gms:play-services-measurement-api:21.2.2] AndroidManifest.xml:32:17-139
119                android:value="com.google.firebase.components.ComponentRegistrar" />
119-->[com.google.android.gms:play-services-measurement-api:21.2.2] AndroidManifest.xml:33:17-82
120            <meta-data
120-->[com.google.firebase:firebase-installations:17.1.3] AndroidManifest.xml:17:13-19:85
121                android:name="com.google.firebase.components:com.google.firebase.installations.FirebaseInstallationsRegistrar"
121-->[com.google.firebase:firebase-installations:17.1.3] AndroidManifest.xml:18:17-127
122                android:value="com.google.firebase.components.ComponentRegistrar" />
122-->[com.google.firebase:firebase-installations:17.1.3] AndroidManifest.xml:19:17-82
123        </service>
124
125        <activity
125-->[com.google.firebase:firebase-auth:21.3.0] AndroidManifest.xml:29:9-46:20
126            android:name="com.google.firebase.auth.internal.GenericIdpActivity"
126-->[com.google.firebase:firebase-auth:21.3.0] AndroidManifest.xml:30:13-80
127            android:excludeFromRecents="true"
127-->[com.google.firebase:firebase-auth:21.3.0] AndroidManifest.xml:31:13-46
128            android:exported="true"
128-->[com.google.firebase:firebase-auth:21.3.0] AndroidManifest.xml:32:13-36
129            android:launchMode="singleTask"
129-->[com.google.firebase:firebase-auth:21.3.0] AndroidManifest.xml:33:13-44
130            android:theme="@android:style/Theme.Translucent.NoTitleBar" >
130-->[com.google.firebase:firebase-auth:21.3.0] AndroidManifest.xml:34:13-72
131            <intent-filter>
131-->[com.google.firebase:firebase-auth:21.3.0] AndroidManifest.xml:35:13-45:29
132                <action android:name="android.intent.action.VIEW" />
132-->[com.google.firebase:firebase-auth:21.3.0] AndroidManifest.xml:36:17-69
132-->[com.google.firebase:firebase-auth:21.3.0] AndroidManifest.xml:36:25-66
133
134                <category android:name="android.intent.category.DEFAULT" />
134-->[com.google.firebase:firebase-auth:21.3.0] AndroidManifest.xml:38:17-76
134-->[com.google.firebase:firebase-auth:21.3.0] AndroidManifest.xml:38:27-73
135                <category android:name="android.intent.category.BROWSABLE" />
135-->[com.google.firebase:firebase-auth:21.3.0] AndroidManifest.xml:39:17-78
135-->[com.google.firebase:firebase-auth:21.3.0] AndroidManifest.xml:39:27-75
136
137                <data
137-->[com.google.firebase:firebase-auth:21.3.0] AndroidManifest.xml:41:17-44:51
138                    android:host="firebase.auth"
138-->[com.google.firebase:firebase-auth:21.3.0] AndroidManifest.xml:42:21-49
139                    android:path="/"
139-->[com.google.firebase:firebase-auth:21.3.0] AndroidManifest.xml:43:21-37
140                    android:scheme="genericidp" />
140-->[com.google.firebase:firebase-auth:21.3.0] AndroidManifest.xml:44:21-48
141            </intent-filter>
142        </activity>
143        <activity
143-->[com.google.firebase:firebase-auth:21.3.0] AndroidManifest.xml:47:9-64:20
144            android:name="com.google.firebase.auth.internal.RecaptchaActivity"
144-->[com.google.firebase:firebase-auth:21.3.0] AndroidManifest.xml:48:13-79
145            android:excludeFromRecents="true"
145-->[com.google.firebase:firebase-auth:21.3.0] AndroidManifest.xml:49:13-46
146            android:exported="true"
146-->[com.google.firebase:firebase-auth:21.3.0] AndroidManifest.xml:50:13-36
147            android:launchMode="singleTask"
147-->[com.google.firebase:firebase-auth:21.3.0] AndroidManifest.xml:51:13-44
148            android:theme="@android:style/Theme.Translucent.NoTitleBar" >
148-->[com.google.firebase:firebase-auth:21.3.0] AndroidManifest.xml:52:13-72
149            <intent-filter>
149-->[com.google.firebase:firebase-auth:21.3.0] AndroidManifest.xml:53:13-63:29
150                <action android:name="android.intent.action.VIEW" />
150-->[com.google.firebase:firebase-auth:21.3.0] AndroidManifest.xml:36:17-69
150-->[com.google.firebase:firebase-auth:21.3.0] AndroidManifest.xml:36:25-66
151
152                <category android:name="android.intent.category.DEFAULT" />
152-->[com.google.firebase:firebase-auth:21.3.0] AndroidManifest.xml:38:17-76
152-->[com.google.firebase:firebase-auth:21.3.0] AndroidManifest.xml:38:27-73
153                <category android:name="android.intent.category.BROWSABLE" />
153-->[com.google.firebase:firebase-auth:21.3.0] AndroidManifest.xml:39:17-78
153-->[com.google.firebase:firebase-auth:21.3.0] AndroidManifest.xml:39:27-75
154
155                <data
155-->[com.google.firebase:firebase-auth:21.3.0] AndroidManifest.xml:41:17-44:51
156                    android:host="firebase.auth"
156-->[com.google.firebase:firebase-auth:21.3.0] AndroidManifest.xml:42:21-49
157                    android:path="/"
157-->[com.google.firebase:firebase-auth:21.3.0] AndroidManifest.xml:43:21-37
158                    android:scheme="recaptcha" />
158-->[com.google.firebase:firebase-auth:21.3.0] AndroidManifest.xml:44:21-48
159            </intent-filter>
160        </activity>
161
162        <provider
162-->[com.google.firebase:firebase-common:20.3.2] AndroidManifest.xml:25:9-30:39
163            android:name="com.google.firebase.provider.FirebaseInitProvider"
163-->[com.google.firebase:firebase-common:20.3.2] AndroidManifest.xml:26:13-77
164            android:authorities="com.example.se114n21.firebaseinitprovider"
164-->[com.google.firebase:firebase-common:20.3.2] AndroidManifest.xml:27:13-72
165            android:directBootAware="true"
165-->[com.google.firebase:firebase-common:20.3.2] AndroidManifest.xml:28:13-43
166            android:exported="false"
166-->[com.google.firebase:firebase-common:20.3.2] AndroidManifest.xml:29:13-37
167            android:initOrder="100" />
167-->[com.google.firebase:firebase-common:20.3.2] AndroidManifest.xml:30:13-36
168
169        <receiver
169-->[com.google.android.gms:play-services-measurement:21.2.2] AndroidManifest.xml:29:9-33:20
170            android:name="com.google.android.gms.measurement.AppMeasurementReceiver"
170-->[com.google.android.gms:play-services-measurement:21.2.2] AndroidManifest.xml:30:13-85
171            android:enabled="true"
171-->[com.google.android.gms:play-services-measurement:21.2.2] AndroidManifest.xml:31:13-35
172            android:exported="false" >
172-->[com.google.android.gms:play-services-measurement:21.2.2] AndroidManifest.xml:32:13-37
173        </receiver>
174
175        <service
175-->[com.google.android.gms:play-services-measurement:21.2.2] AndroidManifest.xml:35:9-38:40
176            android:name="com.google.android.gms.measurement.AppMeasurementService"
176-->[com.google.android.gms:play-services-measurement:21.2.2] AndroidManifest.xml:36:13-84
177            android:enabled="true"
177-->[com.google.android.gms:play-services-measurement:21.2.2] AndroidManifest.xml:37:13-35
178            android:exported="false" />
178-->[com.google.android.gms:play-services-measurement:21.2.2] AndroidManifest.xml:38:13-37
179        <service
179-->[com.google.android.gms:play-services-measurement:21.2.2] AndroidManifest.xml:39:9-43:72
180            android:name="com.google.android.gms.measurement.AppMeasurementJobService"
180-->[com.google.android.gms:play-services-measurement:21.2.2] AndroidManifest.xml:40:13-87
181            android:enabled="true"
181-->[com.google.android.gms:play-services-measurement:21.2.2] AndroidManifest.xml:41:13-35
182            android:exported="false"
182-->[com.google.android.gms:play-services-measurement:21.2.2] AndroidManifest.xml:42:13-37
183            android:permission="android.permission.BIND_JOB_SERVICE" />
183-->[com.google.android.gms:play-services-measurement:21.2.2] AndroidManifest.xml:43:13-69
184
185        <activity
185-->[com.google.android.gms:play-services-base:18.1.0] AndroidManifest.xml:20:9-22:45
186            android:name="com.google.android.gms.common.api.GoogleApiActivity"
186-->[com.google.android.gms:play-services-base:18.1.0] AndroidManifest.xml:20:19-85
187            android:exported="false"
187-->[com.google.android.gms:play-services-base:18.1.0] AndroidManifest.xml:22:19-43
188            android:theme="@android:style/Theme.Translucent.NoTitleBar" />
188-->[com.google.android.gms:play-services-base:18.1.0] AndroidManifest.xml:21:19-78
189
190        <meta-data
190-->[com.google.android.gms:play-services-basement:18.1.0] AndroidManifest.xml:21:9-23:69
191            android:name="com.google.android.gms.version"
191-->[com.google.android.gms:play-services-basement:18.1.0] AndroidManifest.xml:22:13-58
192            android:value="@integer/google_play_services_version" />
192-->[com.google.android.gms:play-services-basement:18.1.0] AndroidManifest.xml:23:13-66
193
194        <provider
194-->[androidx.emoji2:emoji2:1.2.0] AndroidManifest.xml:24:9-32:20
195            android:name="androidx.startup.InitializationProvider"
195-->[androidx.emoji2:emoji2:1.2.0] AndroidManifest.xml:25:13-67
196            android:authorities="com.example.se114n21.androidx-startup"
196-->[androidx.emoji2:emoji2:1.2.0] AndroidManifest.xml:26:13-68
197            android:exported="false" >
197-->[androidx.emoji2:emoji2:1.2.0] AndroidManifest.xml:27:13-37
198            <meta-data
198-->[androidx.emoji2:emoji2:1.2.0] AndroidManifest.xml:29:13-31:52
199                android:name="androidx.emoji2.text.EmojiCompatInitializer"
199-->[androidx.emoji2:emoji2:1.2.0] AndroidManifest.xml:30:17-75
200                android:value="androidx.startup" />
200-->[androidx.emoji2:emoji2:1.2.0] AndroidManifest.xml:31:17-49
201            <meta-data
201-->[androidx.lifecycle:lifecycle-process:2.4.1] AndroidManifest.xml:31:13-33:52
202                android:name="androidx.lifecycle.ProcessLifecycleInitializer"
202-->[androidx.lifecycle:lifecycle-process:2.4.1] AndroidManifest.xml:32:17-78
203                android:value="androidx.startup" />
203-->[androidx.lifecycle:lifecycle-process:2.4.1] AndroidManifest.xml:33:17-49
204        </provider>
205    </application>
206
207</manifest>